  Demo_Main.cpp
  ArrivalEvent.cpp
  CancelationEvent.cpp
  IO.cpp
c:\users\tarek\desktop\project_ds_s2019-master\project_ds_s2019-master\restaurant\io.cpp(84): warning C4244: 'argument': conversion from 'double' to 'const int', possible loss of data
  Restaurant.cpp
c:\users\tarek\desktop\project_ds_s2019-master\project_ds_s2019-master\restaurant\generic_ds\tree.h(78): warning C4101: 'elem': unreferenced local variable
  c:\users\tarek\desktop\project_ds_s2019-master\project_ds_s2019-master\restaurant\generic_ds\tree.h(76): note: while compiling class template member function 'bool Tree<T>::pop_largest(T &)'
          with
          [
              T=Order *
          ]
  c:\users\tarek\desktop\project_ds_s2019-master\project_ds_s2019-master\restaurant\generic_ds\priorityqueue.h(45): note: see reference to function template instantiation 'bool Tree<T>::pop_largest(T &)' being compiled
          with
          [
              T=Order *
          ]
  c:\users\tarek\desktop\project_ds_s2019-master\project_ds_s2019-master\restaurant\generic_ds\priorityqueue.h(27): note: while compiling class template member function 'PriorityQueue<Order *>::PriorityQueue(void)'
  c:\users\tarek\desktop\project_ds_s2019-master\project_ds_s2019-master\restaurant\rest\restaurant.cpp(12): note: see reference to function template instantiation 'PriorityQueue<Order *>::PriorityQueue(void)' being compiled
  c:\users\tarek\desktop\project_ds_s2019-master\project_ds_s2019-master\restaurant\rest\restaurant.h(33): note: see reference to class template instantiation 'PriorityQueue<Order *>' being compiled
c:\users\tarek\desktop\project_ds_s2019-master\project_ds_s2019-master\restaurant\generic_ds\tree.h(160): warning C4101: 'elem': unreferenced local variable
  c:\users\tarek\desktop\project_ds_s2019-master\project_ds_s2019-master\restaurant\generic_ds\tree.h(157): note: while compiling class template member function 'bool Tree<T>::get_largest(T &)'
          with
          [
              T=Order *
          ]
  c:\users\tarek\desktop\project_ds_s2019-master\project_ds_s2019-master\restaurant\generic_ds\priorityqueue.h(38): note: see reference to function template instantiation 'bool Tree<T>::get_largest(T &)' being compiled
          with
          [
              T=Order *
          ]
  Generating Code...
  Restaurant.vcxproj -> C:\Users\tarek\Desktop\Project_DS_S2019-master\Project_DS_S2019-master\Debug\Restaurant.exe
